<?xml version="1.0" encoding="UTF-8"?>
<!-- Generated by org.testng.reporters.JUnitXMLReporter -->
<testsuite ignored="1" hostname="DESKTOP-C75M3F7" failures="1" tests="2" name="Test" time="3.751" errors="0" timestamp="14 Jan 2024 19:30:41 GMT">
  <testcase classname="apitest.GetUsers" name="getSingleUserNotFound" time="2.265"/>
  <testcase classname="apitest.GetUsers" name="getUsers" time="0.283">
    <failure type="java.lang.AssertionError" message="expected [202] but found [200]">
      <![CDATA[java.lang.AssertionError: expected [202] but found [200]
at apitest.GetUsers.getUsers(GetUsers.java:62)
... Removed 35 stack frames]]>
    </failure>
  </testcase> <!-- getUsers -->
  <testcase classname="apitest.BaseTest" name="@BeforeTest setUp" time="0.0">
    <ignored/>
  </testcase> <!-- @BeforeTest setUp -->
</testsuite> <!-- Test -->
