<?xml version="1.0" encoding="UTF-8"?>
<testng-results ignored="0" total="2" passed="2" failed="0" skipped="0">
  <reporter-output>
  </reporter-output>
  <suite started-at="2024-01-13T15:30:20Z" name="Suite" finished-at="2024-01-13T15:30:25Z" duration-ms="5051">
    <groups>
    </groups>
    <test started-at="2024-01-13T15:30:20Z" name="Test" finished-at="2024-01-13T15:30:25Z" duration-ms="5051">
      <class name="apitest.GetUsers">
        <test-method signature="getSingleUserNotFound()[pri:1, instance:apitest.GetUsers@2ff15f8c]" started-at="2024-01-13T15:30:20Z" name="getSingleUserNotFound" description="To get the details of user with id 3" finished-at="2024-01-13T15:30:24Z" duration-ms="3699" status="PASS">
          <reporter-output>
          </reporter-output>
        </test-method> <!-- getSingleUserNotFound -->
        <test-method signature="getUsers()[pri:2, instance:apitest.GetUsers@2ff15f8c]" started-at="2024-01-13T15:30:24Z" name="getUsers" description="To create a new user" finished-at="2024-01-13T15:30:25Z" duration-ms="1158" status="PASS">
          <reporter-output>
          </reporter-output>
        </test-method> <!-- getUsers -->
      </class> <!-- apitest.GetUsers -->
    </test> <!-- Test -->
  </suite> <!-- Suite -->
</testng-results>
